<?xml version="1.0" encoding="UTF-8"?>
<testsuite name="org.springframework.samples.petclinic.service.ClinicServiceJdbcTests" time="0.473" tests="33" errors="0" skipped="0" failures="0">
  <properties>
[...]
</properties>
  <testcase name="shouldFindAllOwners" classname="org.springframework.samples.petclinic.service.ClinicServiceJdbcTests" time="0.051"/>
  <testcase name="shouldFindPetTypeById" classname="org.springframework.samples.petclinic.service.ClinicServiceJdbcTests" time="0.013"/>
  <testcase name="shouldUpdateSpecialty" classname="org.springframework.samples.petclinic.service.ClinicServiceJdbcTests" time="0.014"/>
  <testcase name="shouldFindVets" classname="org.springframework.samples.petclinic.service.ClinicServiceJdbcTests" time="0.017"/>
  <testcase name="shouldFindAllVisits" classname="org.springframework.samples.petclinic.service.ClinicServiceJdbcTests" time="0.02"/>
  <testcase name="shouldFindOwnersByLastName" classname="org.springframework.samples.petclinic.service.ClinicServiceJdbcTests" time="0.01"/>
  <testcase name="shouldInsertVet" classname="org.springframework.samples.petclinic.service.ClinicServiceJdbcTests" time="0.057"/>
  <testcase name="shouldDeletePet" classname="org.springframework.samples.petclinic.service.ClinicServiceJdbcTests" time="0.017"/>
  <testcase name="shouldDeleteVet" classname="org.springframework.samples.petclinic.service.ClinicServiceJdbcTests" time="0.012"/>
  <testcase name="shouldDeleteOwner" classname="org.springframework.samples.petclinic.service.ClinicServiceJdbcTests" time="0.004"/>
  <testcase name="shouldDeleteVisit" classname="org.springframework.samples.petclinic.service.ClinicServiceJdbcTests" time="0.007"/>
  <testcase name="shouldInsertSpecialty" classname="org.springframework.samples.petclinic.service.ClinicServiceJdbcTests" time="0.025"/>
  <testcase name="shouldAddNewVisitForPet" classname="org.springframework.samples.petclinic.service.ClinicServiceJdbcTests" time="0.056"/>
  <testcase name="shouldUpdateOwner" classname="org.springframework.samples.petclinic.service.ClinicServiceJdbcTests" time="0.072"/>
  <testcase name="shouldFindVisitsByPetId" classname="org.springframework.samples.petclinic.service.ClinicServiceJdbcTests" time="0"/>
  <testcase name="shouldUpdateVisit" classname="org.springframework.samples.petclinic.service.ClinicServiceJdbcTests" time="0.002"/>
  <testcase name="shouldInsertPetIntoDatabaseAndGenerateId" classname="org.springframework.samples.petclinic.service.ClinicServiceJdbcTests" time="0"/>
  <testcase name="shouldInsertOwner" classname="org.springframework.samples.petclinic.service.ClinicServiceJdbcTests" time="0"/>
  <testcase name="shouldInsertVisit" classname="org.springframework.samples.petclinic.service.ClinicServiceJdbcTests" time="0.001"/>
  <testcase name="shouldFindAllPets" classname="org.springframework.samples.petclinic.service.ClinicServiceJdbcTests" time="0"/>
  <testcase name="shouldFindSingleOwnerWithPet" classname="org.springframework.samples.petclinic.service.ClinicServiceJdbcTests" time="0"/>
  <testcase name="shouldFindAllSpecialtys" classname="org.springframework.samples.petclinic.service.ClinicServiceJdbcTests" time="0.002"/>
  <testcase name="shouldUpdatePetName" classname="org.springframework.samples.petclinic.service.ClinicServiceJdbcTests" time="0.009"/>
  <testcase name="shouldUpdatePetType" classname="org.springframework.samples.petclinic.service.ClinicServiceJdbcTests" time="0.008"/>
  <testcase name="shouldFindVisitDyId" classname="org.springframework.samples.petclinic.service.ClinicServiceJdbcTests" time="0.005"/>
  <testcase name="shouldFindAllPetTypes" classname="org.springframework.samples.petclinic.service.ClinicServiceJdbcTests" time="0.005"/>
  <testcase name="shouldUpdateVet" classname="org.springframework.samples.petclinic.service.ClinicServiceJdbcTests" time="0.06"/>
  <testcase name="shouldFindVetDyId" classname="org.springframework.samples.petclinic.service.ClinicServiceJdbcTests" time="0"/>
  <testcase name="shouldInsertPetType" classname="org.springframework.samples.petclinic.service.ClinicServiceJdbcTests" time="0.001"/>
  <testcase name="shouldDeletePetType" classname="org.springframework.samples.petclinic.service.ClinicServiceJdbcTests" time="0.001"/>
  <testcase name="shouldFindPetWithCorrectId" classname="org.springframework.samples.petclinic.service.ClinicServiceJdbcTests" time="0"/>
  <testcase name="shouldFindSpecialtyById" classname="org.springframework.samples.petclinic.service.ClinicServiceJdbcTests" time="0"/>
  <testcase name="shouldDeleteSpecialty" classname="org.springframework.samples.petclinic.service.ClinicServiceJdbcTests" time="0.004"/>
</testsuite>